34 messages loaded from file messagesTCH.txt
15 messages loaded from file messagesSTD.txt
0 Asserts Loaded
[[1;31m0[0m] [0mUser program list:
[[1;31m0[0m] [0m	Program [[1;36mprogramV2-1a[0m] with arrival time [[1;36m0[0m]
[0m[[1;31m0[0m] [0m	Program [[1;36mprogramV2-1b[0m] with arrival time [[1;36m0[0m]
[0m	[[1;31m0[0m] [0mNew process [[1;32m3 - SystemIdleProcess[0m] moving to the [[1;32mNEW[0m] state
[0m	[[1;31m0[0m] [0m[1;32mProcess [3] created from program [SystemIdleProcess][0m
[0m	[[1;31m0[0m] [0mProcess [[1;32m3 - SystemIdleProcess[0m] moving from the [[1;32mNEW[0m] state to the [[1;32mREADY[0m] state
[0m	[[1;31m0[0m] [0mReady-to-run processes queue:
		[[1;31m0[0m] [0mUSER: [[1;32m0[0m,0]
	[0m	[[1;31m0[0m] [0mDAEMONS: [[1;32m3[0m,100]
[0m	[[1;31m0[0m] [0m[1;31mERROR: Program [programV2-1a] is not valid [it does not exist][0m
[0m	[[1;31m0[0m] [0mNew process [[1;32m0 - SystemIdleProcess[0m] moving to the [[1;32mNEW[0m] state
[0m	[[1;31m0[0m] [0m[1;32mProcess [0] created from program [programV2-1b][0m
[0m	[[1;31m0[0m] [0mProcess [[1;32m0 - SystemIdleProcess[0m] moving from the [[1;32mNEW[0m] state to the [[1;32mREADY[0m] state
[0m	[[1;31m0[0m] [0mReady-to-run processes queue:
		[[1;31m0[0m] [0mUSER: [[1;32m0[0m,33]
	[0m	[[1;31m0[0m] [0mDAEMONS: [[1;32m3[0m,100]
[0m	[[1;31m0[0m] [0mProcess [[1;32m0 - programV2-1b[0m] moving from the [[1;32mREADY[0m] state to the [[1;32mEXECUTING[0m] state
[0m[[1;31m1[0m] [0m{0D 000 000} IRET 0 0 (PC: [1;31m0[0m, Accumulator: [1;31m0[0m, PSW: [1;31m0002[0m [[1;31m--------------Z-[0m])
[0m[2] {01 002 000} ADD 2 0 (PC: [1;31m1[0m, Accumulator: [1;31m2[0m, PSW: [1;31m0000[0m [[1;31m----------------[0m])
[0m[3] {0A 801 000} INC -1 0 (PC: [1;31m2[0m, Accumulator: [1;31m1[0m, PSW: [1;31m0000[0m [[1;31m----------------[0m])
[0m[4] {04 004 000} TRAP 4 0 (PC: [1;31m3[0m, Accumulator: [1;31m1[0m, PSW: [1;31m0000[0m [[1;31m----------------[0m])
[0m[[1;31m5[0m] [0m{0C 002 000}	[[1;31m5[0m] [0m OS 2 0 (PC: [1;31m242[0m, Accumulator: [1;31m1[0m, PSW: [1;31m8080[0m [[1;31mM-------X-------[0m])
[0m[[1;31m7[0m] [0m{0D 000 000} IRET 0 0 (PC: [1;31m3[0m, Accumulator: [1;31m1[0m, PSW: [1;31m0000[0m [[1;31m----------------[0m])
[0m[[1;31m8[0m] [0m{0C 009 000}	[[1;31m8[0m] [0m OS 9 0 (PC: [1;31m246[0m, Accumulator: [1;31m1[0m, PSW: [1;31m8080[0m [[1;31mM-------X-------[0m])
[0m	[[1;31m9[0m] [0m[1;36mClock interrupt number [1] has ocurred[0m
[0m[[1;31m10[0m] [0m{0D 000 000} IRET 0 0 (PC: [1;31m3[0m, Accumulator: [1;31m1[0m, PSW: [1;31m0000[0m [[1;31m----------------[0m])
[0m[[1;31m11[0m] [0m{0C 009 000}	[[1;31m11[0m] [0m OS 9 0 (PC: [1;31m246[0m, Accumulator: [1;31m1[0m, PSW: [1;31m8080[0m [[1;31mM-------X-------[0m])
[0m	[[1;31m12[0m] [0m[1;36mClock interrupt number [2] has ocurred[0m
[0m[[1;31m13[0m] [0m{0D 000 000} IRET 0 0 (PC: [1;31m3[0m, Accumulator: [1;31m1[0m, PSW: [1;31m0000[0m [[1;31m----------------[0m])
[0m[14] {07 002 000} ZJUMP 2 0 (PC: [1;31m4[0m, Accumulator: [1;31m1[0m, PSW: [1;31m0000[0m [[1;31m----------------[0m])
[0m[15] {06 803 000} JUMP -3 0 (PC: [1;31m1[0m, Accumulator: [1;31m1[0m, PSW: [1;31m0000[0m [[1;31m----------------[0m])
[0m[[1;31m16[0m] [0m{0C 009 000}	[[1;31m16[0m] [0m OS 9 0 (PC: [1;31m246[0m, Accumulator: [1;31m1[0m, PSW: [1;31m8080[0m [[1;31mM-------X-------[0m])
[0m	[[1;31m17[0m] [0m[1;36mClock interrupt number [3] has ocurred[0m
[0m[[1;31m18[0m] [0m{0D 000 000} IRET 0 0 (PC: [1;31m1[0m, Accumulator: [1;31m1[0m, PSW: [1;31m0000[0m [[1;31m----------------[0m])
[0m[19] {0A 801 000} INC -1 0 (PC: [1;31m2[0m, Accumulator: [1;31m0[0m, PSW: [1;31m0002[0m [[1;31m--------------Z-[0m])
[0m[20] {04 004 000} TRAP 4 0 (PC: [1;31m3[0m, Accumulator: [1;31m0[0m, PSW: [1;31m0002[0m [[1;31m--------------Z-[0m])
[0m[[1;31m21[0m] [0m{0C 002 000}	[[1;31m21[0m] [0m OS 2 0 (PC: [1;31m242[0m, Accumulator: [1;31m0[0m, PSW: [1;31m8082[0m [[1;31mM-------X-----Z-[0m])
[0m[[1;31m23[0m] [0m{0D 000 000} IRET 0 0 (PC: [1;31m3[0m, Accumulator: [1;31m0[0m, PSW: [1;31m0002[0m [[1;31m--------------Z-[0m])
[0m[[1;31m24[0m] [0m{0C 009 000}	[[1;31m24[0m] [0m OS 9 0 (PC: [1;31m246[0m, Accumulator: [1;31m0[0m, PSW: [1;31m8082[0m [[1;31mM-------X-----Z-[0m])
[0m	[[1;31m25[0m] [0m[1;36mClock interrupt number [4] has ocurred[0m
[0m[[1;31m26[0m] [0m{0D 000 000} IRET 0 0 (PC: [1;31m3[0m, Accumulator: [1;31m0[0m, PSW: [1;31m0002[0m [[1;31m--------------Z-[0m])
[0m[[1;31m27[0m] [0m{0C 009 000}	[[1;31m27[0m] [0m OS 9 0 (PC: [1;31m246[0m, Accumulator: [1;31m0[0m, PSW: [1;31m8082[0m [[1;31mM-------X-----Z-[0m])
[0m	[[1;31m28[0m] [0m[1;36mClock interrupt number [5] has ocurred[0m
[0m[[1;31m29[0m] [0m{0D 000 000} IRET 0 0 (PC: [1;31m3[0m, Accumulator: [1;31m0[0m, PSW: [1;31m0002[0m [[1;31m--------------Z-[0m])
[0m[30] {07 002 000} ZJUMP 2 0 (PC: [1;31m5[0m, Accumulator: [1;31m0[0m, PSW: [1;31m0002[0m [[1;31m--------------Z-[0m])
[0m[[1;31m31[0m] [0m{0C 009 000}	[[1;31m31[0m] [0m OS 9 0 (PC: [1;31m246[0m, Accumulator: [1;31m0[0m, PSW: [1;31m8082[0m [[1;31mM-------X-----Z-[0m])
[0m	[[1;31m32[0m] [0m[1;36mClock interrupt number [6] has ocurred[0m
[0m[[1;31m33[0m] [0m{0D 000 000} IRET 0 0 (PC: [1;31m5[0m, Accumulator: [1;31m0[0m, PSW: [1;31m0002[0m [[1;31m--------------Z-[0m])
[0m[34] {04 003 000} TRAP 3 0 (PC: [1;31m6[0m, Accumulator: [1;31m0[0m, PSW: [1;31m0002[0m [[1;31m--------------Z-[0m])
[0m[[1;31m35[0m] [0m{0C 002 000}	[[1;31m35[0m] [0m OS 2 0 (PC: [1;31m242[0m, Accumulator: [1;31m0[0m, PSW: [1;31m8082[0m [[1;31mM-------X-----Z-[0m])
[0m	[[1;31m36[0m] [0m[1;31mProcess [0 - programV2-1b] has requested to terminate[0m
[0m	[[1;31m36[0m] [0mProcess [[1;32m0 - programV2-1b[0m] moving from the [[1;32mEXECUTING[0m] state to the [[1;32mEXIT[0m] state
[0m	[[1;31m36[0m] [0mProcess [[1;32m3 - SystemIdleProcess[0m] moving from the [[1;32mREADY[0m] state to the [[1;32mEXECUTING[0m] state
[0m[[1;31m37[0m] [0m{0D 000 000} IRET 0 0 (PC: [1;31m183[0m, Accumulator: [1;31m0[0m, PSW: [1;31m0082[0m [[1;31m--------X-----Z-[0m])
[0m[[1;31m38[0m] [0m{0C 009 000}	[[1;31m38[0m] [0m OS 9 0 (PC: [1;31m246[0m, Accumulator: [1;31m0[0m, PSW: [1;31m8082[0m [[1;31mM-------X-----Z-[0m])
[0m	[[1;31m39[0m] [0m[1;36mClock interrupt number [7] has ocurred[0m
[0m[[1;31m40[0m] [0m{0D 000 000} IRET 0 0 (PC: [1;31m183[0m, Accumulator: [1;31m0[0m, PSW: [1;31m0082[0m [[1;31m--------X-----Z-[0m])
[0m[[1;31m41[0m] [0m{0C 009 000}	[[1;31m41[0m] [0m OS 9 0 (PC: [1;31m246[0m, Accumulator: [1;31m0[0m, PSW: [1;31m8082[0m [[1;31mM-------X-----Z-[0m])
[0m	[[1;31m42[0m] [0m[1;36mClock interrupt number [8] has ocurred[0m
[0m[[1;31m43[0m] [0m{0D 000 000} IRET 0 0 (PC: [1;31m183[0m, Accumulator: [1;31m0[0m, PSW: [1;31m0082[0m [[1;31m--------X-----Z-[0m])
[0m[[1;31m44[0m] [0m{04 003 000} TRAP 3 0 (PC: [1;31m184[0m, Accumulator: [1;31m0[0m, PSW: [1;31m0082[0m [[1;31m--------X-----Z-[0m])
[0m[[1;31m45[0m] [0m{0C 002 000}	[[1;31m45[0m] [0m OS 2 0 (PC: [1;31m242[0m, Accumulator: [1;31m0[0m, PSW: [1;31m8082[0m [[1;31mM-------X-----Z-[0m])
[0m	[[1;31m46[0m] [0m[1;31mProcess [3 - SystemIdleProcess] has requested to terminate[0m
[0m	[[1;31m46[0m] [0mProcess [[1;32m3 - SystemIdleProcess[0m] moving from the [[1;32mEXECUTING[0m] state to the [[1;32mEXIT[0m] state
[0m	[[1;31m46[0m] [0m[1;31mThe system will shut down now...
[0m[0m[[1;31m47[0m] [0m{0D 000 000} IRET 0 0 (PC: [1;31m241[0m, Accumulator: [1;31m0[0m, PSW: [1;31m0082[0m [[1;31m--------X-----Z-[0m])
[0m[[1;31m48[0m] [0m{0C 009 000}	[[1;31m48[0m] [0m OS 9 0 (PC: [1;31m246[0m, Accumulator: [1;31m0[0m, PSW: [1;31m8082[0m [[1;31mM-------X-----Z-[0m])
[0m	[[1;31m49[0m] [0m[1;36mClock interrupt number [9] has ocurred[0m
[0m[[1;31m50[0m] [0m{0D 000 000} IRET 0 0 (PC: [1;31m241[0m, Accumulator: [1;31m0[0m, PSW: [1;31m0082[0m [[1;31m--------X-----Z-[0m])
[0m[[1;31m51[0m] [0m{0C 009 000}	[[1;31m51[0m] [0m OS 9 0 (PC: [1;31m246[0m, Accumulator: [1;31m0[0m, PSW: [1;31m8082[0m [[1;31mM-------X-----Z-[0m])
[0m	[[1;31m52[0m] [0m[1;36mClock interrupt number [10] has ocurred[0m
[0m[[1;31m53[0m] [0m{0D 000 000} IRET 0 0 (PC: [1;31m241[0m, Accumulator: [1;31m0[0m, PSW: [1;31m0082[0m [[1;31m--------X-----Z-[0m])
[0m[[1;31m54[0m] [0m{0B 000 000}	[[1;31m54[0m] [0m	[[1;31m54[0m] [0m HALT 0 0 (PC: [1;31m241[0m, Accumulator: [1;31m0[0m, PSW: [1;31m0083[0m [[1;31m--------X-----ZS[0m])
[0m[[1;31m55[0m] [0m[1;31mEND of the simulation
[0m[0m