29 Messages Loaded
User program list:
	 Program [programWhichDoesNotExist] with arrival time [0]
	 Program [programWithoutSizeAndPrio] with arrival time [0]
	 Program [programTooBig] with arrival time [0]
	 Program [programWithTooManyInstructions] with arrival time [0]
	 Program [programMEMADD] with arrival time [0]
Asserts file unavailable
Process [0] created from program [SystemIdleProcess]
ERROR: Program [programWhichDoesNotExist] is not valid [--- it does not exists ---]
ERROR: Program [programWithoutSizeAndPrio] is not valid [--- invalid priority or size ---]
EEROR: Program [programTooBig] is too big
EEROR: Program [programWithTooManyInstructions] is too big
Process [1] created from program [programMEMADD]
New Tick (1)
{79 000 000} y 0 0 (PC: 0, Accumulator: 0, PSW: 0002 [--------------Z-])
New Tick (2)
{61 000 000} a 0 0 (PC: 1, Accumulator: 0, PSW: 0002 [--------------Z-])
New Tick (3)
{6D 001 021} m 1 33 (PC: 2, Accumulator: 1, PSW: 0000 [----------------])
New Tick (4)
{77 021 000} w 33 0 (PC: 3, Accumulator: 1, PSW: 0000 [----------------])
New Tick (5)
{69 803 000} i -3 0 (PC: 4, Accumulator: -2, PSW: 0004 [-------------N--])
New Tick (6)
{7A 002 000} z 2 0 (PC: 5, Accumulator: -2, PSW: 0004 [-------------N--])
New Tick (7)
{6A 804 000} j -4 0 (PC: 1, Accumulator: -2, PSW: 0004 [-------------N--])
New Tick (8)
{6D 001 021} m 1 33 (PC: 2, Accumulator: 2, PSW: 0000 [----------------])
New Tick (9)
{77 021 000} w 33 0 (PC: 3, Accumulator: 2, PSW: 0000 [----------------])
New Tick (10)
{69 803 000} i -3 0 (PC: 4, Accumulator: -1, PSW: 0004 [-------------N--])
New Tick (11)
{7A 002 000} z 2 0 (PC: 5, Accumulator: -1, PSW: 0004 [-------------N--])
New Tick (12)
{6A 804 000} j -4 0 (PC: 1, Accumulator: -1, PSW: 0004 [-------------N--])
New Tick (13)
{6D 001 021} m 1 33 (PC: 2, Accumulator: 3, PSW: 0000 [----------------])
New Tick (14)
{77 021 000} w 33 0 (PC: 3, Accumulator: 3, PSW: 0000 [----------------])
New Tick (15)
{69 803 000} i -3 0 (PC: 4, Accumulator: 0, PSW: 0002 [--------------Z-])
New Tick (16)
{7A 002 000} z 2 0 (PC: 6, Accumulator: 0, PSW: 0002 [--------------Z-])
New Tick (17)
{74 003 000} t 3 0 (PC: 7, Accumulator: 0, PSW: 0002 [--------------Z-])
New Tick (18)
{6F 002 000} o 2 0 (PC: 241, Accumulator: 0, PSW: 0082 [--------X-----Z-])
New Tick (19)
Process [1 - programMEMADD] has requested to terminate
New Tick (20)
{79 000 000} y 0 0 (PC: 0, Accumulator: 0, PSW: 0082 [--------X-----Z-])
New Tick (21)
{61 516 205} a 1302 517 (PC: 1, Accumulator: 1819, PSW: 0080 [--------X-------])
New Tick (22)
{6E 000 000} n 0 0 (PC: 2, Accumulator: 1819, PSW: 0080 [--------X-------])
New Tick (23)
{6A 801 000} j -1 0 (PC: 1, Accumulator: 1819, PSW: 0080 [--------X-------])
New Tick (24)
{6E 000 000} n 0 0 (PC: 2, Accumulator: 1819, PSW: 0080 [--------X-------])
New Tick (25)
{6A 801 000} j -1 0 (PC: 1, Accumulator: 1819, PSW: 0080 [--------X-------])
New Tick (26)
{6E 000 000} n 0 0 (PC: 2, Accumulator: 1819, PSW: 0080 [--------X-------])
New Tick (27)
{6A 801 000} j -1 0 (PC: 1, Accumulator: 1819, PSW: 0080 [--------X-------])
New Tick (28)
{6E 000 000} n 0 0 (PC: 2, Accumulator: 1819, PSW: 0080 [--------X-------])
New Tick (29)
{6A 801 000} j -1 0 (PC: 1, Accumulator: 1819, PSW: 0080 [--------X-------])
New Tick (30)
{6E 000 000} n 0 0 (PC: 2, Accumulator: 1819, PSW: 0080 [--------X-------])
New Tick (31)
{6A 801 000} j -1 0 (PC: 1, Accumulator: 1819, PSW: 0080 [--------X-------])
New Tick (32)
{6E 000 000} n 0 0 (PC: 2, Accumulator: 1819, PSW: 0080 [--------X-------])
New Tick (33)
{6A 801 000} j -1 0 (PC: 1, Accumulator: 1819, PSW: 0080 [--------X-------])
New Tick (34)
{6E 000 000} n 0 0 (PC: 2, Accumulator: 1819, PSW: 0080 [--------X-------])
New Tick (35)
{6A 801 000} j -1 0 (PC: 1, Accumulator: 1819, PSW: 0080 [--------X-------])
New Tick (36)
{6E 000 000} n 0 0 (PC: 2, Accumulator: 1819, PSW: 0080 [--------X-------])
New Tick (37)
{6A 801 000} j -1 0 (PC: 1, Accumulator: 1819, PSW: 0080 [--------X-------])
New Tick (38)
{6E 000 000} n 0 0 (PC: 2, Accumulator: 1819, PSW: 0080 [--------X-------])
New Tick (39)
{6A 801 000} j -1 0 (PC: 1, Accumulator: 1819, PSW: 0080 [--------X-------])
New Tick (40)
{6E 000 000} n 0 0 (PC: 2, Accumulator: 1819, PSW: 0080 [--------X-------])
New Tick (41)
{6A 801 000} j -1 0 (PC: 1, Accumulator: 1819, PSW: 0080 [--------X-------])
New Tick (42)
{6E 000 000} n 0 0 (PC: 2, Accumulator: 1819, PSW: 0080 [--------X-------])
New Tick (43)
{6A 801 000} j -1 0 (PC: 1, Accumulator: 1819, PSW: 0080 [--------X-------])
New Tick (44)
{6E 000 000} n 0 0 (PC: 2, Accumulator: 1819, PSW: 0080 [--------X-------])
New Tick (45)
{6A 801 000} j -1 0 (PC: 1, Accumulator: 1819, PSW: 0080 [--------X-------])
New Tick (46)
{6E 000 000} n 0 0 (PC: 2, Accumulator: 1819, PSW: 0080 [--------X-------])
New Tick (47)
{6A 801 000} j -1 0 (PC: 1, Accumulator: 1819, PSW: 0080 [--------X-------])
New Tick (48)
{6E 000 000} n 0 0 (PC: 2, Accumulator: 1819, PSW: 0080 [--------X-------])
New Tick (49)
{6A 801 000} j -1 0 (PC: 1, Accumulator: 1819, PSW: 0080 [--------X-------])
New Tick (50)
{6E 000 000} n 0 0 (PC: 2, Accumulator: 1819, PSW: 0080 [--------X-------])
New Tick (51)
{6A 801 000} j -1 0 (PC: 1, Accumulator: 1819, PSW: 0080 [--------X-------])
New Tick (52)
{6E 000 000} n 0 0 (PC: 2, Accumulator: 1819, PSW: 0080 [--------X-------])
New Tick (53)
{6A 801 000} j -1 0 (PC: 1, Accumulator: 1819, PSW: 0080 [--------X-------])
New Tick (54)
{6E 000 000} n 0 0 (PC: 2, Accumulator: 1819, PSW: 0080 [--------X-------])
New Tick (55)
{6A 801 000} j -1 0 (PC: 1, Accumulator: 1819, PSW: 0080 [--------X-------])
New Tick (56)
{6E 000 000} n 0 0 (PC: 2, Accumulator: 1819, PSW: 0080 [--------X-------])
New Tick (57)
{6A 801 000} j -1 0 (PC: 1, Accumulator: 1819, PSW: 0080 [--------X-------])
New Tick (58)
{6E 000 000} n 0 0 (PC: 2, Accumulator: 1819, PSW: 0080 [--------X-------])
New Tick (59)
{6A 801 000} j -1 0 (PC: 1, Accumulator: 1819, PSW: 0080 [--------X-------])
New Tick (60)
{6E 000 000} n 0 0 (PC: 2, Accumulator: 1819, PSW: 0080 [--------X-------])
New Tick (61)
{6A 801 000} j -1 0 (PC: 1, Accumulator: 1819, PSW: 0080 [--------X-------])
New Tick (62)
{6E 000 000} n 0 0 (PC: 2, Accumulator: 1819, PSW: 0080 [--------X-------])
New Tick (63)
{6A 801 000} j -1 0 (PC: 1, Accumulator: 1819, PSW: 0080 [--------X-------])
New Tick (64)
{6E 000 000} n 0 0 (PC: 2, Accumulator: 1819, PSW: 0080 [--------X-------])
New Tick (65)
{6A 801 000} j -1 0 (PC: 1, Accumulator: 1819, PSW: 0080 [--------X-------])
New Tick (66)
{6E 000 000} n 0 0 (PC: 2, Accumulator: 1819, PSW: 0080 [--------X-------])
New Tick (67)
{6A 801 000} j -1 0 (PC: 1, Accumulator: 1819, PSW: 0080 [--------X-------])
New Tick (68)
{6E 000 000} n 0 0 (PC: 2, Accumulator: 1819, PSW: 0080 [--------X-------])
New Tick (69)
{6A 801 000} j -1 0 (PC: 1, Accumulator: 1819, PSW: 0080 [--------X-------])
New Tick (70)
{6E 000 000} n 0 0 (PC: 2, Accumulator: 1819, PSW: 0080 [--------X-------])
New Tick (71)
{6A 801 000} j -1 0 (PC: 1, Accumulator: 1819, PSW: 0080 [--------X-------])
New Tick (72)
{6E 000 000} n 0 0 (PC: 2, Accumulator: 1819, PSW: 0080 [--------X-------])
New Tick (73)
{6A 801 000} j -1 0 (PC: 1, Accumulator: 1819, PSW: 0080 [--------X-------])
New Tick (74)
{6E 000 000} n 0 0 (PC: 2, Accumulator: 1819, PSW: 0080 [--------X-------])
New Tick (75)
{6A 801 000} j -1 0 (PC: 1, Accumulator: 1819, PSW: 0080 [--------X-------])
New Tick (76)
{6E 000 000} n 0 0 (PC: 2, Accumulator: 1819, PSW: 0080 [--------X-------])
New Tick (77)
{6A 801 000} j -1 0 (PC: 1, Accumulator: 1819, PSW: 0080 [--------X-------])
New Tick (78)
{6E 000 000} n 0 0 (PC: 2, Accumulator: 1819, PSW: 0080 [--------X-------])
New Tick (79)
{6A 801 000} j -1 0 (PC: 1, Accumulator: 1819, PSW: 0080 [--------X-------])
New Tick (80)
{6E 000 000} n 0 0 (PC: 2, Accumulator: 1819, PSW: 0080 [--------X-------])
New Tick (81)
{6A 801 000} j -1 0 (PC: 1, Accumulator: 1819, PSW: 0080 [--------X-------])
New Tick (82)
{6E 000 000} n 0 0 (PC: 2, Accumulator: 1819, PSW: 0080 [--------X-------])
New Tick (83)
{6A 801 000} j -1 0 (PC: 1, Accumulator: 1819, PSW: 0080 [--------X-------])
New Tick (84)
{6E 000 000} n 0 0 (PC: 2, Accumulator: 1819, PSW: 0080 [--------X-------])
New Tick (85)
{6A 801 000} j -1 0 (PC: 1, Accumulator: 1819, PSW: 0080 [--------X-------])
New Tick (86)
{6E 000 000} n 0 0 (PC: 2, Accumulator: 1819, PSW: 0080 [--------X-------])
New Tick (87)
{6A 801 000} j -1 0 (PC: 1, Accumulator: 1819, PSW: 0080 [--------X-------])
New Tick (88)
{6E 000 000} n 0 0 (PC: 2, Accumulator: 1819, PSW: 0080 [--------X-------])
New Tick (89)
{6A 801 000} j -1 0 (PC: 1, Accumulator: 1819, PSW: 0080 [--------X-------])
New Tick (90)
{6E 000 000} n 0 0 (PC: 2, Accumulator: 1819, PSW: 0080 [--------X-------])
New Tick (91)
{6A 801 000} j -1 0 (PC: 1, Accumulator: 1819, PSW: 0080 [--------X-------])
New Tick (92)
{6E 000 000} n 0 0 (PC: 2, Accumulator: 1819, PSW: 0080 [--------X-------])
New Tick (93)
{6A 801 000} j -1 0 (PC: 1, Accumulator: 1819, PSW: 0080 [--------X-------])
