34 messages loaded from file messagesTCH.txt
16 messages loaded from file messagesSTD.txt
0 Asserts Loaded
[[1;31m0[0m] [0m User program list:
	 Program [[1;36mprogramV2-2a[0m] with arrival time [[1;36m0[0m]
[0m	 Program [[1;36mprogramV2-2b[0m] with arrival time [[1;36m0[0m]
[0m	 Program [[1;36mprogramV2-2c[0m] with arrival time [[1;36m0[0m]
[0m	[[1;31m0[0m] [0m New process [[1;32m3 - SystemIdleProcess[0m] moving to the [[1;32mNEW[0m] state
[0m[1;32mProcess [3] created from program [SystemIdleProcess][0m
[0m	[[1;31m0[0m] [0m Process [[1;32m3 - SystemIdleProcess[0m] moving from the [[1;32mNEW[0m] state to the [[1;32mREADY[0m] state
[0m	[[1;31m0[0m] [0m Ready to run processes queue:
		[[1;31m0[0m] [0m 	USER:	 	[[1;31m0[0m] [0m[[1;32m0[0m, 0]
	 [0m	[[1;31m0[0m] [0m DAEMONS:	[[1;31m0[0m] [0m[[1;32m0[0m, 0]
 [0m	[[1;31m0[0m] [0m New process [[1;32m0 - SystemIdleProcess[0m] moving to the [[1;32mNEW[0m] state
[0m[1;32mProcess [0] created from program [programV2-2a][0m
[0m	[[1;31m0[0m] [0m Process [[1;32m0 - programV2-2a[0m] moving from the [[1;32mNEW[0m] state to the [[1;32mREADY[0m] state
[0m	[[1;31m0[0m] [0m Ready to run processes queue:
		[[1;31m0[0m] [0m 	USER:	 	[[1;31m0[0m] [0m[[1;32m0[0m, 5]
	 [0m	[[1;31m0[0m] [0m DAEMONS:	[[1;31m0[0m] [0m[[1;32m0[0m, 5]
 [0m	[[1;31m0[0m] [0m New process [[1;32m1 - SystemIdleProcess[0m] moving to the [[1;32mNEW[0m] state
[0m[1;32mProcess [1] created from program [programV2-2b][0m
[0m	[[1;31m0[0m] [0m Process [[1;32m1 - programV2-2b[0m] moving from the [[1;32mNEW[0m] state to the [[1;32mREADY[0m] state
[0m	[[1;31m0[0m] [0m Ready to run processes queue:
		[[1;31m0[0m] [0m 	USER:	 	[[1;31m0[0m] [0m[[1;32m0[0m, 5],[0m	[[1;31m0[0m] [0m[[1;32m1[0m, 999]
	 [0m	[[1;31m0[0m] [0m DAEMONS:	[[1;31m0[0m] [0m[[1;32m0[0m, 5]
 [0m	[[1;31m0[0m] [0m New process [[1;32m2 - SystemIdleProcess[0m] moving to the [[1;32mNEW[0m] state
[0m[1;32mProcess [2] created from program [programV2-2c][0m
[0m	[[1;31m0[0m] [0m Process [[1;32m2 - programV2-2c[0m] moving from the [[1;32mNEW[0m] state to the [[1;32mREADY[0m] state
[0m	[[1;31m0[0m] [0m Ready to run processes queue:
		[[1;31m0[0m] [0m 	USER:	 	[[1;31m0[0m] [0m[[1;32m0[0m, 5],[0m	[[1;31m0[0m] [0m[[1;32m1[0m, 999],[0m	[[1;31m0[0m] [0m[[1;32m2[0m, 5]
	 [0m	[[1;31m0[0m] [0m DAEMONS:	[[1;31m0[0m] [0m[[1;32m0[0m, 5]
 [0m	[[1;31m0[0m] [0m Process [[1;32m0 - programV2-2a[0m] moving from the [[1;32mREADY[0m] state to the [[1;32mEXECUTING[0m] state
[0m	[[1;31m1[0m] [0m{0D 000 000} IRET 0 0 (PC: [1;31m0[0m, Accumulator: [1;31m0[0m, PSW: [1;31m0002[0m [[1;31m--------------Z-[0m])
[0m[2] {05 000 000} NOP 0 0 (PC: [1;31m1[0m, Accumulator: [1;31m0[0m, PSW: [1;31m0002[0m [[1;31m--------------Z-[0m])
[0m[3] {01 005 000} ADD 5 0 (PC: [1;31m2[0m, Accumulator: [1;31m5[0m, PSW: [1;31m0000[0m [[1;31m----------------[0m])
[0m[4] {04 007 000} TRAP 7 0 (PC: [1;31m3[0m, Accumulator: [1;31m5[0m, PSW: [1;31m0000[0m [[1;31m----------------[0m])
[0m	[[1;31m5[0m] [0m{0C 002 000} OS 2 0 (PC: [1;31m242[0m, Accumulator: [1;31m5[0m, PSW: [1;31m8080[0m [[1;31mM-------X-------[0m])
[0m	[[1;31m6[0m] [0m Process [[1;32m0 - programV2-2a[0m] moving from the [[1;32mEXECUTING[0m] state to the [[1;32mBLOCKED[0m] state
[0m	[[1;31m6[0m] [0mRunning Process Information:
		[PID: [1;32m0[0m, Priority: 5, WakeUp: [1;31m6[0m, Queue: USER]
[0m	[[1;31m6[0m] [0m Ready to run processes queue:
		[[1;31m6[0m] [0m 	USER:	 	[[1;31m6[0m] [0m[[1;32m2[0m, 5],[0m	[[1;31m6[0m] [0m[[1;32m1[0m, 999]
	 [0m	[[1;31m6[0m] [0m DAEMONS:	[[1;31m6[0m] [0m[[1;32m2[0m, 5]
 [0m	[[1;31m6[0m] [0mSLEEPING Queue:
		[[1;32m0[0m, 5, [1;31m6[0m][0m
	[[1;31m6[0m] [0mPID association with program's name:
		PID: [1;32m0[0m -> programV2-2a
[0m		PID: [1;32m1[0m -> programV2-2b
[0m		PID: [1;32m2[0m -> programV2-2c
[0m		PID: [1;32m3[0m -> SystemIdleProcess
[0m	[[1;31m7[0m] [0m{0D 000 000} IRET 0 0 (PC: [1;31m3[0m, Accumulator: [1;31m5[0m, PSW: [1;31m0000[0m [[1;31m----------------[0m])
[0m	[[1;31m8[0m] [0m{0C 009 000} OS 9 0 (PC: [1;31m246[0m, Accumulator: [1;31m5[0m, PSW: [1;31m8080[0m [[1;31mM-------X-------[0m])
[0m	[[1;31m9[0m] [0m[1;36mClock interrupt number [1] has occurred[0m
[0m	[[1;31m10[0m] [0m{0D 000 000} IRET 0 0 (PC: [1;31m3[0m, Accumulator: [1;31m5[0m, PSW: [1;31m0000[0m [[1;31m----------------[0m])
[0m	[[1;31m11[0m] [0m{0C 009 000} OS 9 0 (PC: [1;31m246[0m, Accumulator: [1;31m5[0m, PSW: [1;31m8080[0m [[1;31mM-------X-------[0m])
[0m	[[1;31m12[0m] [0m[1;36mClock interrupt number [2] has occurred[0m
[0m	[[1;31m13[0m] [0m{0D 000 000} IRET 0 0 (PC: [1;31m3[0m, Accumulator: [1;31m5[0m, PSW: [1;31m0000[0m [[1;31m----------------[0m])
[0m[14] {04 004 000} TRAP 4 0 (PC: [1;31m4[0m, Accumulator: [1;31m5[0m, PSW: [1;31m0000[0m [[1;31m----------------[0m])
[0m	[[1;31m15[0m] [0m{0C 002 000} OS 2 0 (PC: [1;31m242[0m, Accumulator: [1;31m5[0m, PSW: [1;31m8080[0m [[1;31mM-------X-------[0m])
[0m	[[1;31m16[0m] [0m Process [[1;32m0 - programV2-2a[0m] moving from the [[1;32mBLOCKED[0m] state to the [[1;32mREADY[0m] state
[0m	[[1;31m16[0m] [0m Ready to run processes queue:
		[[1;31m16[0m] [0m 	USER:	 	[[1;31m16[0m] [0m[[1;32m2[0m, 5],[0m	[[1;31m16[0m] [0m[[1;32m1[0m, 999],[0m	[[1;31m16[0m] [0m[[1;32m0[0m, 5]
	 [0m	[[1;31m16[0m] [0m DAEMONS:	[[1;31m16[0m] [0m[[1;32m2[0m, 5]
 [0m	[[1;31m16[0m] [0m Process [[1;32m2 - programV2-2c[0m] moving from the [[1;32mREADY[0m] state to the [[1;32mEXECUTING[0m] state
[0m	[[1;31m16[0m] [0mProcess [[1;32m0 - programV2-2a[0m] will transfer the control of the processor to process [[1;32m2 - programV2-2c[0m]
[0m	[[1;31m17[0m] [0m{0D 000 000} IRET 0 0 (PC: [1;31m0[0m, Accumulator: [1;31m5[0m, PSW: [1;31m0000[0m [[1;31m----------------[0m])
[0m	[[1;31m18[0m] [0m{0C 009 000} OS 9 0 (PC: [1;31m246[0m, Accumulator: [1;31m5[0m, PSW: [1;31m8080[0m [[1;31mM-------X-------[0m])
[0m	[[1;31m19[0m] [0m[1;36mClock interrupt number [3] has occurred[0m
[0m	[[1;31m20[0m] [0m{0D 000 000} IRET 0 0 (PC: [1;31m0[0m, Accumulator: [1;31m5[0m, PSW: [1;31m0000[0m [[1;31m----------------[0m])
[0m	[[1;31m21[0m] [0m{0C 009 000} OS 9 0 (PC: [1;31m246[0m, Accumulator: [1;31m5[0m, PSW: [1;31m8080[0m [[1;31mM-------X-------[0m])
[0m	[[1;31m22[0m] [0m[1;36mClock interrupt number [4] has occurred[0m
[0m	[[1;31m23[0m] [0m{0D 000 000} IRET 0 0 (PC: [1;31m0[0m, Accumulator: [1;31m5[0m, PSW: [1;31m0000[0m [[1;31m----------------[0m])
[0m[24] {05 000 000} NOP 0 0 (PC: [1;31m1[0m, Accumulator: [1;31m5[0m, PSW: [1;31m0000[0m [[1;31m----------------[0m])
[0m[25] {01 002 000} ADD 2 0 (PC: [1;31m2[0m, Accumulator: [1;31m2[0m, PSW: [1;31m0000[0m [[1;31m----------------[0m])
[0m	[[1;31m26[0m] [0m{0C 009 000} OS 9 0 (PC: [1;31m246[0m, Accumulator: [1;31m2[0m, PSW: [1;31m8080[0m [[1;31mM-------X-------[0m])
[0m	[[1;31m27[0m] [0m[1;36mClock interrupt number [5] has occurred[0m
[0m	[[1;31m28[0m] [0m{0D 000 000} IRET 0 0 (PC: [1;31m2[0m, Accumulator: [1;31m2[0m, PSW: [1;31m0000[0m [[1;31m----------------[0m])
[0m[29] {04 007 000} TRAP 7 0 (PC: [1;31m3[0m, Accumulator: [1;31m2[0m, PSW: [1;31m0000[0m [[1;31m----------------[0m])
[0m	[[1;31m30[0m] [0m{0C 002 000} OS 2 0 (PC: [1;31m242[0m, Accumulator: [1;31m2[0m, PSW: [1;31m8080[0m [[1;31mM-------X-------[0m])
[0m	[[1;31m31[0m] [0m Process [[1;32m2 - programV2-2c[0m] moving from the [[1;32mEXECUTING[0m] state to the [[1;32mBLOCKED[0m] state
[0m	[[1;31m31[0m] [0mRunning Process Information:
		[PID: [1;32m2[0m, Priority: 5, WakeUp: [1;31m8[0m, Queue: USER]
[0m	[[1;31m31[0m] [0m Ready to run processes queue:
		[[1;31m31[0m] [0m 	USER:	 	[[1;31m31[0m] [0m[[1;32m0[0m, 5],[0m	[[1;31m31[0m] [0m[[1;32m1[